[debug] [2020-10-31T18:47:03.935Z] ----------------------------------------------------------------------
[debug] [2020-10-31T18:47:03.939Z] Command:       C:\Program Files\nodejs\node.exe C:\Users\ABHISHEK\AppData\Roaming\npm\node_modules\firebase-tools\bin\firebase init
[debug] [2020-10-31T18:47:03.940Z] CLI Version:   3.16.0
[debug] [2020-10-31T18:47:03.940Z] Platform:      win32
[debug] [2020-10-31T18:47:03.940Z] Node Version:  v14.15.0
[debug] [2020-10-31T18:47:03.941Z] Time:          Sun Nov 01 2020 00:17:03 GMT+0530 (India Standard Time)
[debug] [2020-10-31T18:47:03.942Z] ----------------------------------------------------------------------
[debug] 
[debug] [2020-10-31T18:47:03.963Z] > command requires scopes: ["email","openid","https://www.googleapis.com/auth/cloudplatformprojects.readonly","https://www.googleapis.com/auth/firebase"]
[debug] [2020-10-31T18:47:03.963Z] > authorizing via signed-in user
[info] 
     ######## #### ########  ######## ########     ###     ######  ########
     ##        ##  ##     ## ##       ##     ##  ##   ##  ##       ##
     ######    ##  ########  ######   ########  #########  ######  ######
     ##        ##  ##    ##  ##       ##     ## ##     ##       ## ##
     ##       #### ##     ## ######## ########  ##     ##  ######  ########

You're about to initialize a Firebase project in this directory:

  C:\Users\ABHISHEK\Desktop\coronavirus_tracker

[warn] !  You have have not selected any features. Continuing will simply associate this folder with a Firebase project. Press Ctrl + C if you want to start over.
[info] 
=== Project Setup
[info] 
[info] First, let's associate this project directory with a Firebase project.
[info] You can create multiple project aliases by running firebase use --add, 
[info] but for now we'll just set up a default project.
[info] 
[debug] [2020-10-31T18:47:09.242Z] >>> HTTP REQUEST GET https://admin.firebase.com/v1/projects  
  
 Sun Nov 01 2020 00:17:09 GMT+0530 (India Standard Time)
[debug] [2020-10-31T18:47:31.170Z] Error: connect ETIMEDOUT 104.197.85.31:443
    at TCPConnectWrap.afterConnect [as oncomplete] (net.js:1146:16)
[error] 
[error] Error: Server Error. connect ETIMEDOUT 104.197.85.31:443
